<?xml version="1.0" encoding="UTF-8"?>
<!-- Generated by org.testng.reporters.JUnitReportReporter -->
<testsuite hostname="welcome-PC" name="test1.sizetest" tests="1" failures="0" timestamp="3 Jan 2020 08:39:48 GMT" time="4.333" errors="0">
  <testcase name="verifysize" time="4.333" classname="test1.sizetest"/>
</testsuite> <!-- test1.sizetest -->
