<?xml version="1.0" encoding="UTF-8"?>
<!-- Generated by org.testng.reporters.JUnitReportReporter -->
<testsuite hostname="welcome-PC" name="test1.tst" tests="4" failures="0" timestamp="3 Jan 2020 08:39:48 GMT" time="12.590" errors="0">
  <testcase name="clickWomen" time="2.105" classname="test1.tst"/>
  <testcase name="clickshirts" time="1.908" classname="test1.tst"/>
  <testcase name="verifycabs" time="6.050" classname="test1.tst"/>
  <testcase name="clickdress" time="2.527" classname="test1.tst"/>
</testsuite> <!-- test1.tst -->
